Determining if the pthread_create exist failed with the following output:
Change Dir: /home/pi/Desktop/Robots/rpi_vehicle/build/CMakeFiles/CMakeTmp

Run Build Command:"/usr/bin/make" "cmTC_766e3/fast"
/usr/bin/make -f CMakeFiles/cmTC_766e3.dir/build.make CMakeFiles/cmTC_766e3.dir/build
make[1]: Entering directory '/home/pi/Desktop/Robots/rpi_vehicle/build/CMakeFiles/CMakeTmp'
Building C object CMakeFiles/cmTC_766e3.dir/CheckSymbolExists.c.o
/usr/bin/cc     -o CMakeFiles/cmTC_766e3.dir/CheckSymbolExists.c.o   -c /home/pi/Desktop/Robots/rpi_vehicle/build/CMakeFiles/CMakeTmp/CheckSymbolExists.c
Linking C executable cmTC_766e3
/usr/bin/cmake -E cmake_link_script CMakeFiles/cmTC_766e3.dir/link.txt --verbose=1
/usr/bin/cc       CMakeFiles/cmTC_766e3.dir/CheckSymbolExists.c.o  -o cmTC_766e3 -rdynamic 
CMakeFiles/cmTC_766e3.dir/CheckSymbolExists.c.o: In function `main':
CheckSymbolExists.c:(.text+0x38): undefined reference to `pthread_create'
collect2: error: ld returned 1 exit status
CMakeFiles/cmTC_766e3.dir/build.make:97: recipe for target 'cmTC_766e3' failed
make[1]: *** [cmTC_766e3] Error 1
make[1]: Leaving directory '/home/pi/Desktop/Robots/rpi_vehicle/build/CMakeFiles/CMakeTmp'
Makefile:126: recipe for target 'cmTC_766e3/fast' failed
make: *** [cmTC_766e3/fast] Error 2

File /home/pi/Desktop/Robots/rpi_vehicle/build/CMakeFiles/CMakeTmp/CheckSymbolExists.c:
/* */
#include <pthread.h>

int main(int argc, char** argv)
{
  (void)argv;
#ifndef pthread_create
  return ((int*)(&pthread_create))[argc];
#else
  (void)argc;
  return 0;
#endif
}

Determining if the function pthread_create exists in the pthreads failed with the following output:
Change Dir: /home/pi/Desktop/Robots/rpi_vehicle/build/CMakeFiles/CMakeTmp

Run Build Command:"/usr/bin/make" "cmTC_ad140/fast"
/usr/bin/make -f CMakeFiles/cmTC_ad140.dir/build.make CMakeFiles/cmTC_ad140.dir/build
make[1]: Entering directory '/home/pi/Desktop/Robots/rpi_vehicle/build/CMakeFiles/CMakeTmp'
Building C object CMakeFiles/cmTC_ad140.dir/CheckFunctionExists.c.o
/usr/bin/cc    -DCHECK_FUNCTION_EXISTS=pthread_create   -o CMakeFiles/cmTC_ad140.dir/CheckFunctionExists.c.o   -c /usr/share/cmake-3.7/Modules/CheckFunctionExists.c
Linking C executable cmTC_ad140
/usr/bin/cmake -E cmake_link_script CMakeFiles/cmTC_ad140.dir/link.txt --verbose=1
/usr/bin/cc   -DCHECK_FUNCTION_EXISTS=pthread_create    CMakeFiles/cmTC_ad140.dir/CheckFunctionExists.c.o  -o cmTC_ad140 -rdynamic -lpthreads 
/usr/bin/ld: cannot find -lpthreads
collect2: error: ld returned 1 exit status
CMakeFiles/cmTC_ad140.dir/build.make:97: recipe for target 'cmTC_ad140' failed
make[1]: *** [cmTC_ad140] Error 1
make[1]: Leaving directory '/home/pi/Desktop/Robots/rpi_vehicle/build/CMakeFiles/CMakeTmp'
Makefile:126: recipe for target 'cmTC_ad140/fast' failed
make: *** [cmTC_ad140/fast] Error 2


